<?xml version="1.0" encoding="UTF-8"?>
<!-- Generated by org.testng.reporters.JUnitXMLReporter -->
<testsuite ignored="0" hostname="SUBHARAJAT" failures="1" tests="2" name="Surefire test" time="0.036" errors="0" timestamp="2023-11-09T02:19:36 CET">
  <testcase classname="CatawikiAssignment.CatawikiDemo.SearchTest" name="search" time="0.002"/>
  <testcase classname="tests.SearchTest" name="search" time="0.004">
    <failure type="java.lang.NullPointerException" message="Cannot invoke &amp;quot;java.util.Properties.getProperty(String)&amp;quot; because &amp;quot;this.properties&amp;quot; is null">
      <![CDATA[java.lang.NullPointerException: Cannot invoke "java.util.Properties.getProperty(String)" because "this.properties" is null
at Utilities.ConfigReader.getbrowser(ConfigReader.java:31)
at tests.SearchTest.search(SearchTest.java:19)
at java.base/java.util.ArrayList.forEach(ArrayList.java:1511)
... Removed 32 stack frames]]>
    </failure>
  </testcase> <!-- search -->
</testsuite> <!-- Surefire test -->
