<?xml version="1.0" encoding="UTF-8"?>
<testng-results ignored="0" total="1" passed="1" failed="0" skipped="0">
  <reporter-output>
  </reporter-output>
  <suite started-at="2023-11-09T12:02:45 CET" name="HelloTestNgSuite" finished-at="2023-11-09T12:02:52 CET" duration-ms="7427">
    <groups>
    </groups>
    <test started-at="2023-11-09T12:02:45 CET" name="HelloWorldTest" finished-at="2023-11-09T12:02:52 CET" duration-ms="7427">
      <class name="tests.SearchTest">
        <test-method is-config="true" signature="openBrowser()[pri:0, instance:tests.SearchTest@4d465b11]" started-at="2023-11-09T12:02:45 CET" name="openBrowser" finished-at="2023-11-09T12:02:47 CET" duration-ms="2140" status="PASS">
          <reporter-output>
          </reporter-output>
        </test-method> <!-- openBrowser -->
        <test-method signature="search()[pri:0, instance:tests.SearchTest@4d465b11]" started-at="2023-11-09T12:02:47 CET" name="search" finished-at="2023-11-09T12:02:52 CET" duration-ms="5081" status="PASS">
          <reporter-output>
          </reporter-output>
        </test-method> <!-- search -->
        <test-method is-config="true" signature="CloseBrowser()[pri:0, instance:tests.SearchTest@4d465b11]" started-at="2023-11-09T12:02:52 CET" name="CloseBrowser" finished-at="2023-11-09T12:02:52 CET" duration-ms="178" status="PASS">
          <reporter-output>
          </reporter-output>
        </test-method> <!-- CloseBrowser -->
      </class> <!-- tests.SearchTest -->
    </test> <!-- HelloWorldTest -->
  </suite> <!-- HelloTestNgSuite -->
</testng-results>
